2024-03-27 22:04:25,271 INFO: GidGud startup [in /home/diza/Projects/VSCode_Projects/Myfuture/gid-gud/app/__init__.py:65]
2024-03-27 22:04:29,100 INFO: category_name: default [in /home/diza/Projects/VSCode_Projects/Myfuture/gid-gud/app/routes.py:88]
2024-03-27 22:04:29,103 INFO: category already exists: None [in /home/diza/Projects/VSCode_Projects/Myfuture/gid-gud/app/routes.py:90]
2024-03-27 22:05:34,474 INFO: category_name: default [in /home/diza/Projects/VSCode_Projects/Myfuture/gid-gud/app/routes.py:88]
2024-03-27 22:05:34,475 INFO: category already exists: <Category defaultr> [in /home/diza/Projects/VSCode_Projects/Myfuture/gid-gud/app/routes.py:90]
2024-03-27 22:07:16,409 INFO: GidGud startup [in /home/diza/Projects/VSCode_Projects/Myfuture/gid-gud/app/__init__.py:65]
2024-03-27 22:08:37,156 INFO: GidGud startup [in /home/diza/Projects/VSCode_Projects/Myfuture/gid-gud/app/__init__.py:65]
2024-03-27 22:10:06,053 INFO: GidGud startup [in /home/diza/Projects/VSCode_Projects/Myfuture/gid-gud/app/__init__.py:65]
2024-03-27 22:10:24,768 INFO: category_name: features [in /home/diza/Projects/VSCode_Projects/Myfuture/gid-gud/app/routes.py:88]
2024-03-27 22:10:24,769 INFO: category already exists: False [in /home/diza/Projects/VSCode_Projects/Myfuture/gid-gud/app/routes.py:90]
2024-03-27 22:10:51,885 INFO: category_name: default [in /home/diza/Projects/VSCode_Projects/Myfuture/gid-gud/app/routes.py:88]
2024-03-27 22:10:51,886 INFO: category already exists: <Category default> [in /home/diza/Projects/VSCode_Projects/Myfuture/gid-gud/app/routes.py:90]
2024-03-27 22:11:05,040 INFO: category_name: default [in /home/diza/Projects/VSCode_Projects/Myfuture/gid-gud/app/routes.py:88]
2024-03-27 22:11:05,041 INFO: category already exists: <Category default> [in /home/diza/Projects/VSCode_Projects/Myfuture/gid-gud/app/routes.py:90]
2024-03-27 22:12:40,145 INFO: category_name: default [in /home/diza/Projects/VSCode_Projects/Myfuture/gid-gud/app/routes.py:88]
2024-03-27 22:12:40,146 INFO: category already exists: <Category default> [in /home/diza/Projects/VSCode_Projects/Myfuture/gid-gud/app/routes.py:90]
2024-03-27 22:14:03,324 INFO: GidGud startup [in /home/diza/Projects/VSCode_Projects/Myfuture/gid-gud/app/__init__.py:65]
2024-03-27 22:14:11,176 INFO: category_name: default [in /home/diza/Projects/VSCode_Projects/Myfuture/gid-gud/app/routes.py:88]
2024-03-27 22:14:11,178 INFO: category already exists: <Category default> [in /home/diza/Projects/VSCode_Projects/Myfuture/gid-gud/app/routes.py:90]
2024-03-27 22:14:54,612 INFO: category_name: features [in /home/diza/Projects/VSCode_Projects/Myfuture/gid-gud/app/routes.py:88]
2024-03-27 22:14:54,613 INFO: category already exists: False [in /home/diza/Projects/VSCode_Projects/Myfuture/gid-gud/app/routes.py:90]
2024-03-27 22:15:40,091 INFO: category_name: features [in /home/diza/Projects/VSCode_Projects/Myfuture/gid-gud/app/routes.py:88]
2024-03-27 22:15:40,092 INFO: category already exists: False [in /home/diza/Projects/VSCode_Projects/Myfuture/gid-gud/app/routes.py:90]
2024-03-27 22:16:29,302 INFO: GidGud startup [in /home/diza/Projects/VSCode_Projects/Myfuture/gid-gud/app/__init__.py:65]
2024-03-27 22:23:22,308 INFO: GidGud startup [in /home/diza/Projects/VSCode_Projects/Myfuture/gid-gud/app/__init__.py:65]
2024-03-27 22:23:22,729 INFO: GidGud startup [in /home/diza/Projects/VSCode_Projects/Myfuture/gid-gud/app/__init__.py:65]
2024-03-27 22:23:37,099 INFO: category_name: features [in /home/diza/Projects/VSCode_Projects/Myfuture/gid-gud/app/routes.py:88]
2024-03-27 22:23:37,101 INFO: category already exists: <Category features> [in /home/diza/Projects/VSCode_Projects/Myfuture/gid-gud/app/routes.py:90]
2024-03-27 22:25:03,785 INFO: category_name: hate [in /home/diza/Projects/VSCode_Projects/Myfuture/gid-gud/app/routes.py:88]
2024-03-27 22:25:03,786 INFO: category already exists: False [in /home/diza/Projects/VSCode_Projects/Myfuture/gid-gud/app/routes.py:90]
2024-03-27 22:33:47,578 INFO: GidGud startup [in /home/diza/Projects/VSCode_Projects/Myfuture/gid-gud/app/__init__.py:65]
2024-03-27 22:34:53,652 INFO: category_name: hate [in /home/diza/Projects/VSCode_Projects/Myfuture/gid-gud/app/routes.py:88]
2024-03-27 22:34:53,653 INFO: category already exists: <Category hate> [in /home/diza/Projects/VSCode_Projects/Myfuture/gid-gud/app/routes.py:90]
2024-03-27 22:37:09,124 INFO: category_name: features [in /home/diza/Projects/VSCode_Projects/Myfuture/gid-gud/app/routes.py:88]
2024-03-27 22:37:09,125 INFO: category already exists: <Category features> [in /home/diza/Projects/VSCode_Projects/Myfuture/gid-gud/app/routes.py:90]
2024-03-27 22:42:04,797 INFO: GidGud startup [in /home/diza/Projects/VSCode_Projects/Myfuture/gid-gud/app/__init__.py:65]
2024-03-29 16:04:12,717 INFO: GidGud startup [in /home/diza/Projects/VSCode_Projects/Myfuture/gid-gud/app/__init__.py:65]
2024-03-29 16:04:13,155 INFO: GidGud startup [in /home/diza/Projects/VSCode_Projects/Myfuture/gid-gud/app/__init__.py:65]
2024-03-29 16:04:24,121 INFO: category_name: hate [in /home/diza/Projects/VSCode_Projects/Myfuture/gid-gud/app/routes.py:88]
2024-03-29 16:04:24,124 INFO: category already exists: <Category hate> [in /home/diza/Projects/VSCode_Projects/Myfuture/gid-gud/app/routes.py:90]
2024-03-30 16:17:19,040 INFO: GidGud startup [in /home/diza/Projects/VSCode_Projects/Myfuture/gid-gud/app/__init__.py:65]
2024-03-30 16:17:19,526 INFO: GidGud startup [in /home/diza/Projects/VSCode_Projects/Myfuture/gid-gud/app/__init__.py:65]
2024-03-30 16:17:54,837 INFO: GidGud startup [in /home/diza/Projects/VSCode_Projects/Myfuture/gid-gud/app/__init__.py:65]
2024-03-30 16:18:00,743 INFO: GidGud startup [in /home/diza/Projects/VSCode_Projects/Myfuture/gid-gud/app/__init__.py:65]
2024-03-30 16:18:06,072 INFO: GidGud startup [in /home/diza/Projects/VSCode_Projects/Myfuture/gid-gud/app/__init__.py:65]
2024-03-30 16:18:10,212 INFO: GidGud startup [in /home/diza/Projects/VSCode_Projects/Myfuture/gid-gud/app/__init__.py:65]
2024-03-30 16:18:10,647 INFO: GidGud startup [in /home/diza/Projects/VSCode_Projects/Myfuture/gid-gud/app/__init__.py:65]
2024-03-30 16:18:57,144 INFO: funky logged in successfully [in /home/diza/Projects/VSCode_Projects/Myfuture/gid-gud/app/routes.py:42]
2024-03-30 16:19:01,990 INFO: category_name: default [in /home/diza/Projects/VSCode_Projects/Myfuture/gid-gud/app/routes.py:88]
2024-03-30 16:19:01,993 INFO: category already exists: False [in /home/diza/Projects/VSCode_Projects/Myfuture/gid-gud/app/routes.py:90]
2024-03-30 16:19:40,606 INFO: GidGud startup [in /home/diza/Projects/VSCode_Projects/Myfuture/gid-gud/app/__init__.py:65]
2024-03-30 16:20:52,347 INFO: GidGud startup [in /home/diza/Projects/VSCode_Projects/Myfuture/gid-gud/app/__init__.py:65]
2024-03-30 16:21:00,239 INFO: category_name: default [in /home/diza/Projects/VSCode_Projects/Myfuture/gid-gud/app/routes.py:88]
2024-03-30 16:21:00,242 INFO: category already exists: <Category default> [in /home/diza/Projects/VSCode_Projects/Myfuture/gid-gud/app/routes.py:90]
2024-03-30 16:21:11,780 INFO: category_name: features [in /home/diza/Projects/VSCode_Projects/Myfuture/gid-gud/app/routes.py:88]
2024-03-30 16:21:11,781 INFO: category already exists: <Category features> [in /home/diza/Projects/VSCode_Projects/Myfuture/gid-gud/app/routes.py:90]
